[30/05/11 11:44:41:041 CDT] DEBUG codetemplates.CodeTemplate: Parsing template starting with: package CIAPI.Java.core.dto;


[30/05/11 11:44:41:041 CDT] DEBUG codetemplates.CodeTemplate: Parsing template starting with: 
	private <@propertyType@> <@p
[30/05/11 11:44:41:041 CDT] DEBUG templatecompletion.TemplateFiller: Saving TemplateFiller to file: C:\code_gen\dto\CancelOrderRequestDTO.java
[30/05/11 11:44:41:041 CDT] DEBUG codetemplates.CodeTemplate: Parsing template starting with: package CIAPI.Java.core.dto;


[30/05/11 11:44:41:041 CDT] DEBUG codetemplates.CodeTemplate: Parsing template starting with: 
	private <@propertyType@> <@p
[30/05/11 11:44:41:041 CDT] DEBUG templatecompletion.TemplateFiller: Saving TemplateFiller to file: C:\code_gen\dto\InsertWatchlistItemRequestDTO.java
[30/05/11 11:44:41:041 CDT] DEBUG codetemplates.CodeTemplate: Parsing template starting with: package CIAPI.Java.core.dto;


[30/05/11 11:44:41:041 CDT] DEBUG codetemplates.CodeTemplate: Parsing template starting with: 
	private <@propertyType@> <@p
[30/05/11 11:44:41:041 CDT] DEBUG templatecompletion.TemplateFiller: Saving TemplateFiller to file: C:\code_gen\dto\ListMarketInformationRequestDTO.java
[30/05/11 11:44:41:041 CDT] DEBUG codetemplates.CodeTemplate: Parsing template starting with: package CIAPI.Java.core.dto;


[30/05/11 11:44:41:041 CDT] DEBUG codetemplates.CodeTemplate: Parsing template starting with: 
	private <@propertyType@> <@p
[30/05/11 11:44:41:041 CDT] DEBUG templatecompletion.TemplateFiller: Saving TemplateFiller to file: C:\code_gen\dto\NewStopLimitOrderRequestDTO.java
[30/05/11 11:44:41:041 CDT] DEBUG codetemplates.CodeTemplate: Parsing template starting with: package CIAPI.Java.core.dto;


[30/05/11 11:44:41:041 CDT] DEBUG codetemplates.CodeTemplate: Parsing template starting with: 
	private <@propertyType@> <@p
[30/05/11 11:44:41:041 CDT] DEBUG templatecompletion.TemplateFiller: Saving TemplateFiller to file: C:\code_gen\dto\ApiLogOffRequestDTO.java
[30/05/11 11:44:41:041 CDT] DEBUG codetemplates.CodeTemplate: Parsing template starting with: package CIAPI.Java.core.dto;


[30/05/11 11:44:41:041 CDT] DEBUG codetemplates.CodeTemplate: Parsing template starting with: 
	private <@propertyType@> <@p
[30/05/11 11:44:41:041 CDT] DEBUG templatecompletion.TemplateFiller: Saving TemplateFiller to file: C:\code_gen\dto\NewTradeOrderRequestDTO.java
[30/05/11 11:44:41:041 CDT] DEBUG codetemplates.CodeTemplate: Parsing template starting with: package CIAPI.Java.core.dto;


[30/05/11 11:44:41:041 CDT] DEBUG codetemplates.CodeTemplate: Parsing template starting with: 
	private <@propertyType@> <@p
[30/05/11 11:44:41:041 CDT] DEBUG templatecompletion.TemplateFiller: Saving TemplateFiller to file: C:\code_gen\dto\UpdateStopLimitOrderRequestDTO.java
[30/05/11 11:44:41:041 CDT] DEBUG codetemplates.CodeTemplate: Parsing template starting with: package CIAPI.Java.core.dto;


[30/05/11 11:44:41:041 CDT] DEBUG codetemplates.CodeTemplate: Parsing template starting with: 
	private <@propertyType@> <@p
[30/05/11 11:44:41:041 CDT] DEBUG templatecompletion.TemplateFiller: Saving TemplateFiller to file: C:\code_gen\dto\UpdateTradeOrderRequestDTO.java
[30/05/11 11:44:41:041 CDT] DEBUG codetemplates.CodeTemplate: Parsing template starting with: package CIAPI.Java.core.dto;


[30/05/11 11:44:41:041 CDT] DEBUG codetemplates.CodeTemplate: Parsing template starting with: 
	private <@propertyType@> <@p
[30/05/11 11:44:42:042 CDT] DEBUG templatecompletion.TemplateFiller: Saving TemplateFiller to file: C:\code_gen\dto\UpdateWatchlistDisplayOrderRequestDTO.java
[30/05/11 11:44:42:042 CDT] DEBUG codetemplates.CodeTemplate: Parsing template starting with: package CIAPI.Java.core.dto;


[30/05/11 11:44:42:042 CDT] DEBUG codetemplates.CodeTemplate: Parsing template starting with: 
	private <@propertyType@> <@p
[30/05/11 11:44:42:042 CDT] DEBUG templatecompletion.TemplateFiller: Saving TemplateFiller to file: C:\code_gen\dto\AccountInformationResponseDTO.java
[30/05/11 11:44:42:042 CDT] DEBUG codetemplates.CodeTemplate: Parsing template starting with: package CIAPI.Java.core.dto;


[30/05/11 11:44:42:042 CDT] DEBUG codetemplates.CodeTemplate: Parsing template starting with: 
	private <@propertyType@> <@p
[30/05/11 11:44:42:042 CDT] DEBUG templatecompletion.TemplateFiller: Saving TemplateFiller to file: C:\code_gen\dto\ApiIfDoneResponseDTO.java
[30/05/11 11:44:42:042 CDT] DEBUG codetemplates.CodeTemplate: Parsing template starting with: package CIAPI.Java.core.dto;


[30/05/11 11:44:42:042 CDT] DEBUG codetemplates.CodeTemplate: Parsing template starting with: 
	private <@propertyType@> <@p
[30/05/11 11:44:42:042 CDT] DEBUG templatecompletion.TemplateFiller: Saving TemplateFiller to file: C:\code_gen\dto\ApiLookupResponseDTO.java
[30/05/11 11:44:42:042 CDT] DEBUG codetemplates.CodeTemplate: Parsing template starting with: package CIAPI.Java.core.dto;


[30/05/11 11:44:42:042 CDT] DEBUG codetemplates.CodeTemplate: Parsing template starting with: 
	private <@propertyType@> <@p
[30/05/11 11:44:42:042 CDT] DEBUG templatecompletion.TemplateFiller: Saving TemplateFiller to file: C:\code_gen\dto\GetMarketInformationResponseDTO.java
[30/05/11 11:44:42:042 CDT] DEBUG codetemplates.CodeTemplate: Parsing template starting with: package CIAPI.Java.core.dto;


[30/05/11 11:44:42:042 CDT] DEBUG codetemplates.CodeTemplate: Parsing template starting with: 
	private <@propertyType@> <@p
[30/05/11 11:44:42:042 CDT] DEBUG templatecompletion.TemplateFiller: Saving TemplateFiller to file: C:\code_gen\dto\GetOpenPositionResponseDTO.java
[30/05/11 11:44:42:042 CDT] DEBUG codetemplates.CodeTemplate: Parsing template starting with: package CIAPI.Java.core.dto;


[30/05/11 11:44:42:042 CDT] DEBUG codetemplates.CodeTemplate: Parsing template starting with: 
	private <@propertyType@> <@p
[30/05/11 11:44:42:042 CDT] DEBUG templatecompletion.TemplateFiller: Saving TemplateFiller to file: C:\code_gen\dto\GetActiveStopLimitOrderResponseDTO.java
[30/05/11 11:44:42:042 CDT] DEBUG codetemplates.CodeTemplate: Parsing template starting with: package CIAPI.Java.core.dto;


[30/05/11 11:44:42:042 CDT] DEBUG codetemplates.CodeTemplate: Parsing template starting with: 
	private <@propertyType@> <@p
[30/05/11 11:44:42:042 CDT] DEBUG templatecompletion.TemplateFiller: Saving TemplateFiller to file: C:\code_gen\dto\GetOrderResponseDTO.java
[30/05/11 11:44:42:042 CDT] DEBUG codetemplates.CodeTemplate: Parsing template starting with: package CIAPI.Java.core.dto;


[30/05/11 11:44:42:042 CDT] DEBUG codetemplates.CodeTemplate: Parsing template starting with: 
	private <@propertyType@> <@p
[30/05/11 11:44:42:042 CDT] DEBUG templatecompletion.TemplateFiller: Saving TemplateFiller to file: C:\code_gen\dto\ListMarketInformationResponseDTO.java
[30/05/11 11:44:42:042 CDT] DEBUG codetemplates.CodeTemplate: Parsing template starting with: package CIAPI.Java.core.dto;


[30/05/11 11:44:42:042 CDT] DEBUG codetemplates.CodeTemplate: Parsing template starting with: 
	private <@propertyType@> <@p
[30/05/11 11:44:42:042 CDT] DEBUG templatecompletion.TemplateFiller: Saving TemplateFiller to file: C:\code_gen\dto\ListMarketInformationSearchResponseDTO.java
[30/05/11 11:44:42:042 CDT] DEBUG codetemplates.CodeTemplate: Parsing template starting with: package CIAPI.Java.core.dto;


[30/05/11 11:44:42:042 CDT] DEBUG codetemplates.CodeTemplate: Parsing template starting with: 
	private <@propertyType@> <@p
[30/05/11 11:44:42:042 CDT] DEBUG templatecompletion.TemplateFiller: Saving TemplateFiller to file: C:\code_gen\dto\ListStopLimitOrderHistoryResponseDTO.java
[30/05/11 11:44:42:042 CDT] DEBUG codetemplates.CodeTemplate: Parsing template starting with: package CIAPI.Java.core.dto;


[30/05/11 11:44:42:042 CDT] DEBUG codetemplates.CodeTemplate: Parsing template starting with: 
	private <@propertyType@> <@p
[30/05/11 11:44:42:042 CDT] DEBUG templatecompletion.TemplateFiller: Saving TemplateFiller to file: C:\code_gen\dto\ListTradeHistoryResponseDTO.java
[30/05/11 11:44:42:042 CDT] DEBUG codetemplates.CodeTemplate: Parsing template starting with: package CIAPI.Java.core.dto;


[30/05/11 11:44:42:042 CDT] DEBUG codetemplates.CodeTemplate: Parsing template starting with: 
	private <@propertyType@> <@p
[30/05/11 11:44:42:042 CDT] DEBUG templatecompletion.TemplateFiller: Saving TemplateFiller to file: C:\code_gen\dto\GetPriceTickResponseDTO.java
[30/05/11 11:44:42:042 CDT] DEBUG codetemplates.CodeTemplate: Parsing template starting with: package CIAPI.Java.core.dto;


[30/05/11 11:44:42:042 CDT] DEBUG codetemplates.CodeTemplate: Parsing template starting with: 
	private <@propertyType@> <@p
[30/05/11 11:44:42:042 CDT] DEBUG templatecompletion.TemplateFiller: Saving TemplateFiller to file: C:\code_gen\dto\ApiErrorResponseDTO.java
[30/05/11 11:44:42:042 CDT] DEBUG codetemplates.CodeTemplate: Parsing template starting with: package CIAPI.Java.core.dto;


[30/05/11 11:44:42:042 CDT] DEBUG codetemplates.CodeTemplate: Parsing template starting with: 
	private <@propertyType@> <@p
[30/05/11 11:44:42:042 CDT] DEBUG templatecompletion.TemplateFiller: Saving TemplateFiller to file: C:\code_gen\dto\GetPriceBarResponseDTO.java
[30/05/11 11:44:42:042 CDT] DEBUG codetemplates.CodeTemplate: Parsing template starting with: package CIAPI.Java.core.dto;


[30/05/11 11:44:42:042 CDT] DEBUG codetemplates.CodeTemplate: Parsing template starting with: 
	private <@propertyType@> <@p
[30/05/11 11:44:42:042 CDT] DEBUG templatecompletion.TemplateFiller: Saving TemplateFiller to file: C:\code_gen\dto\GetNewsDetailResponseDTO.java
[30/05/11 11:44:42:042 CDT] DEBUG codetemplates.CodeTemplate: Parsing template starting with: package CIAPI.Java.core.dto;


[30/05/11 11:44:42:042 CDT] DEBUG codetemplates.CodeTemplate: Parsing template starting with: 
	private <@propertyType@> <@p
[30/05/11 11:44:42:042 CDT] DEBUG templatecompletion.TemplateFiller: Saving TemplateFiller to file: C:\code_gen\dto\ListActiveStopLimitOrderResponseDTO.java
[30/05/11 11:44:42:042 CDT] DEBUG codetemplates.CodeTemplate: Parsing template starting with: package CIAPI.Java.core.dto;


[30/05/11 11:44:42:042 CDT] DEBUG codetemplates.CodeTemplate: Parsing template starting with: 
	private <@propertyType@> <@p
[30/05/11 11:44:42:042 CDT] DEBUG templatecompletion.TemplateFiller: Saving TemplateFiller to file: C:\code_gen\dto\ListOpenPositionsResponseDTO.java
[30/05/11 11:44:42:042 CDT] DEBUG codetemplates.CodeTemplate: Parsing template starting with: package CIAPI.Java.core.dto;


[30/05/11 11:44:42:042 CDT] DEBUG codetemplates.CodeTemplate: Parsing template starting with: 
	private <@propertyType@> <@p
[30/05/11 11:44:42:042 CDT] DEBUG templatecompletion.TemplateFiller: Saving TemplateFiller to file: C:\code_gen\dto\ListOrdersResponseDTO.java
[30/05/11 11:44:42:042 CDT] DEBUG codetemplates.CodeTemplate: Parsing template starting with: package CIAPI.Java.core.dto;


[30/05/11 11:44:42:042 CDT] DEBUG codetemplates.CodeTemplate: Parsing template starting with: 
	private <@propertyType@> <@p
[30/05/11 11:44:42:042 CDT] DEBUG templatecompletion.TemplateFiller: Saving TemplateFiller to file: C:\code_gen\dto\ListSpreadMarketsResponseDTO.java
[30/05/11 11:44:42:042 CDT] DEBUG codetemplates.CodeTemplate: Parsing template starting with: package CIAPI.Java.core.dto;


[30/05/11 11:44:42:042 CDT] DEBUG codetemplates.CodeTemplate: Parsing template starting with: 
	private <@propertyType@> <@p
[30/05/11 11:44:42:042 CDT] DEBUG templatecompletion.TemplateFiller: Saving TemplateFiller to file: C:\code_gen\dto\ApiLogOnResponseDTO.java
[30/05/11 11:44:42:042 CDT] DEBUG codetemplates.CodeTemplate: Parsing template starting with: package CIAPI.Java.core.dto;


[30/05/11 11:44:42:042 CDT] DEBUG codetemplates.CodeTemplate: Parsing template starting with: 
	private <@propertyType@> <@p
[30/05/11 11:44:42:042 CDT] DEBUG templatecompletion.TemplateFiller: Saving TemplateFiller to file: C:\code_gen\dto\ApiLogOnRequestDTO.java
[30/05/11 11:44:42:042 CDT] DEBUG codetemplates.CodeTemplate: Parsing template starting with: package CIAPI.Java.core.dto;


[30/05/11 11:44:42:042 CDT] DEBUG codetemplates.CodeTemplate: Parsing template starting with: 
	private <@propertyType@> <@p
[30/05/11 11:44:42:042 CDT] DEBUG templatecompletion.TemplateFiller: Saving TemplateFiller to file: C:\code_gen\dto\SystemStatusRequestDTO.java
[30/05/11 11:44:42:042 CDT] DEBUG codetemplates.CodeTemplate: Parsing template starting with: package CIAPI.Java.core.dto;


[30/05/11 11:44:42:042 CDT] DEBUG codetemplates.CodeTemplate: Parsing template starting with: 
	private <@propertyType@> <@p
[30/05/11 11:44:42:042 CDT] DEBUG templatecompletion.TemplateFiller: Saving TemplateFiller to file: C:\code_gen\dto\ListNewsHeadlinesResponseDTO.java
[30/05/11 11:44:42:042 CDT] DEBUG codetemplates.CodeTemplate: Parsing template starting with: package CIAPI.Java.core.dto;


[30/05/11 11:44:42:042 CDT] DEBUG codetemplates.CodeTemplate: Parsing template starting with: 
	private <@propertyType@> <@p
[30/05/11 11:44:42:042 CDT] DEBUG templatecompletion.TemplateFiller: Saving TemplateFiller to file: C:\code_gen\dto\GetMessagePopupResponseDTO.java
[30/05/11 11:44:42:042 CDT] DEBUG codetemplates.CodeTemplate: Parsing template starting with: package CIAPI.Java.core.dto;


[30/05/11 11:44:42:042 CDT] DEBUG codetemplates.CodeTemplate: Parsing template starting with: 
	private <@propertyType@> <@p
[30/05/11 11:44:42:042 CDT] DEBUG templatecompletion.TemplateFiller: Saving TemplateFiller to file: C:\code_gen\dto\ListWatchlistResponseDTO.java
[30/05/11 11:44:42:042 CDT] DEBUG codetemplates.CodeTemplate: Parsing template starting with: package CIAPI.Java.core.dto;


[30/05/11 11:44:42:042 CDT] DEBUG codetemplates.CodeTemplate: Parsing template starting with: 
	private <@propertyType@> <@p
[30/05/11 11:44:42:042 CDT] DEBUG templatecompletion.TemplateFiller: Saving TemplateFiller to file: C:\code_gen\dto\ApiOrderResponseDTO.java
[30/05/11 11:44:42:042 CDT] DEBUG codetemplates.CodeTemplate: Parsing template starting with: package CIAPI.Java.core.dto;


[30/05/11 11:44:42:042 CDT] DEBUG codetemplates.CodeTemplate: Parsing template starting with: 
	private <@propertyType@> <@p
[30/05/11 11:44:42:042 CDT] DEBUG templatecompletion.TemplateFiller: Saving TemplateFiller to file: C:\code_gen\dto\ApiQuoteResponseDTO.java
[30/05/11 11:44:42:042 CDT] DEBUG codetemplates.CodeTemplate: Parsing template starting with: package CIAPI.Java.core.dto;


[30/05/11 11:44:42:042 CDT] DEBUG codetemplates.CodeTemplate: Parsing template starting with: 
	private <@propertyType@> <@p
[30/05/11 11:44:42:042 CDT] DEBUG templatecompletion.TemplateFiller: Saving TemplateFiller to file: C:\code_gen\dto\ApiLogOffResponseDTO.java
[30/05/11 11:44:42:042 CDT] DEBUG codetemplates.CodeTemplate: Parsing template starting with: package CIAPI.Java.core.dto;


[30/05/11 11:44:42:042 CDT] DEBUG codetemplates.CodeTemplate: Parsing template starting with: 
	private <@propertyType@> <@p
[30/05/11 11:44:42:042 CDT] DEBUG templatecompletion.TemplateFiller: Saving TemplateFiller to file: C:\code_gen\dto\ListCfdMarketsResponseDTO.java
[30/05/11 11:44:42:042 CDT] DEBUG codetemplates.CodeTemplate: Parsing template starting with: package CIAPI.Java.core.dto;


[30/05/11 11:44:42:042 CDT] DEBUG codetemplates.CodeTemplate: Parsing template starting with: 
	private <@propertyType@> <@p
[30/05/11 11:44:42:042 CDT] DEBUG templatecompletion.TemplateFiller: Saving TemplateFiller to file: C:\code_gen\dto\ApiStopLimitResponseDTO.java
[30/05/11 11:44:42:042 CDT] DEBUG codetemplates.CodeTemplate: Parsing template starting with: package CIAPI.Java.core.dto;


[30/05/11 11:44:42:042 CDT] DEBUG codetemplates.CodeTemplate: Parsing template starting with: 
	private <@propertyType@> <@p
[30/05/11 11:44:42:042 CDT] DEBUG templatecompletion.TemplateFiller: Saving TemplateFiller to file: C:\code_gen\dto\ApiTradeOrderResponseDTO.java
[30/05/11 11:44:42:042 CDT] DEBUG codetemplates.CodeTemplate: Parsing template starting with: package CIAPI.Java.core.dto;


[30/05/11 11:44:42:042 CDT] DEBUG codetemplates.CodeTemplate: Parsing template starting with: 
	private <@propertyType@> <@p
[30/05/11 11:44:42:042 CDT] DEBUG templatecompletion.TemplateFiller: Saving TemplateFiller to file: C:\code_gen\dto\SystemStatusDTO.java
[30/05/11 11:44:42:042 CDT]  INFO codegen.CodeGenMain: Success!  Generated code!: C:\code_gen
[30/05/11 11:44:56:056 CDT] DEBUG replacementrule.ReplacementRoot: Parsed code template location: C:\Users\Justin\cityindex_workspace\CIAPI.Java\src\CodeGeneration\files\test\TestTemplate.jav
[30/05/11 11:44:56:056 CDT] DEBUG codetemplates.CodeTemplate: Parsing template starting with: Here is a list of quotes from 
[30/05/11 11:44:56:056 CDT] DEBUG codetemplates.CodeTemplate: Parsing template starting with: 
	"<@quote@>"
	 - <@author@>

[30/05/11 11:45:58:058 CDT] DEBUG replacementrule.ReplacementRoot: Parsed code template location: C:\Users\Justin\cityindex_workspace\CIAPI.Java\src\CodeGeneration\files\test\TestTemplate.jav
[30/05/11 11:45:58:058 CDT] DEBUG codetemplates.CodeTemplate: Parsing template starting with: Here is a list of quotes from 
[30/05/11 11:45:58:058 CDT] DEBUG codetemplates.CodeTemplate: Parsing template starting with: 
	"<@quote@>"
	 - <@author@>

[30/05/11 11:46:35:035 CDT] DEBUG replacementrule.ReplacementRoot: Parsed code template location: C:\Users\Justin\cityindex_workspace\CIAPI.Java\src\CodeGeneration\files\test\TestTemplate.jav
[30/05/11 11:46:35:035 CDT] DEBUG codetemplates.CodeTemplate: Parsing template starting with: Here is a list of quotes from 
[30/05/11 11:46:35:035 CDT] DEBUG codetemplates.CodeTemplate: Parsing template starting with: 
	"<@quote@>"
	 - <@author@>

[30/05/11 11:47:50:050 CDT] DEBUG replacementrule.ReplacementRoot: Parsed code template location: C:\Users\Justin\cityindex_workspace\CIAPI.Java\src\CodeGeneration\files\test\TestTemplate.jav
[30/05/11 11:47:50:050 CDT] DEBUG codetemplates.CodeTemplate: Parsing template starting with: Here is a list of quotes from 
[30/05/11 11:47:50:050 CDT] DEBUG codetemplates.CodeTemplate: Parsing template starting with: 
	"<@quote@>"
	 - <@author@>

[31/05/11 12:40:55:055 CDT] DEBUG codetemplates.CodeTemplate: Parsing template starting with: <@@quotes@@><@quote@>: <@autho
[31/05/11 12:40:55:055 CDT] DEBUG codetemplates.CodeTemplate: Parsing template starting with: <@quote@>: <@author@>
[31/05/11 12:40:55:055 CDT] DEBUG codetemplates.CodeTemplate: Parsing template starting with: Here is a list of quotes from 
[31/05/11 12:40:55:055 CDT] DEBUG codetemplates.CodeTemplate: Parsing template starting with: 
	"<@quote@>"
	 - <@author@>

[31/05/11 12:40:55:055 CDT] DEBUG codetemplates.CodeTemplate: Parsing template starting with: <@@quotes@@><@quote@>: <@autho
[31/05/11 12:40:55:055 CDT] DEBUG codetemplates.CodeTemplate: Parsing template starting with: <@quote@>: <@author@>
[31/05/11 12:41:54:054 CDT] DEBUG codetemplates.CodeTemplate: Parsing template starting with: <@@quotes@@><@quote@>: <@autho
[31/05/11 12:41:54:054 CDT] DEBUG codetemplates.CodeTemplate: Parsing template starting with: <@quote@>: <@author@>
[31/05/11 12:41:54:054 CDT] DEBUG codetemplates.CodeTemplate: Parsing template starting with: Here is a list of quotes from 
[31/05/11 12:41:54:054 CDT] DEBUG codetemplates.CodeTemplate: Parsing template starting with: 
	"<@quote@>"
	 - <@author@>

[31/05/11 12:41:54:054 CDT] DEBUG codetemplates.CodeTemplate: Parsing template starting with: <@@quotes@@><@quote@>: <@autho
[31/05/11 12:41:54:054 CDT] DEBUG codetemplates.CodeTemplate: Parsing template starting with: <@quote@>: <@author@>
[31/05/11 12:42:13:013 CDT] DEBUG codetemplates.CodeTemplate: Parsing template starting with: <@@quotes@@><@quote@>: <@autho
[31/05/11 12:42:13:013 CDT] DEBUG codetemplates.CodeTemplate: Parsing template starting with: <@quote@>: <@author@>

[31/05/11 12:42:13:013 CDT] DEBUG codetemplates.CodeTemplate: Parsing template starting with: Here is a list of quotes from 
[31/05/11 12:42:13:013 CDT] DEBUG codetemplates.CodeTemplate: Parsing template starting with: 
	"<@quote@>"
	 - <@author@>

[31/05/11 12:42:13:013 CDT] DEBUG codetemplates.CodeTemplate: Parsing template starting with: <@@quotes@@><@quote@>: <@autho
[31/05/11 12:42:13:013 CDT] DEBUG codetemplates.CodeTemplate: Parsing template starting with: <@quote@>: <@author@>

[31/05/11 12:44:23:023 CDT] DEBUG replacementrule.ReplacementRoot: Parsed code template location: C:\Users\Justin\cityindex_workspace\CIAPI.Java\src\CodeGeneration\files\test\TestTemplate.jav
[31/05/11 12:44:23:023 CDT] DEBUG codetemplates.CodeTemplate: Parsing template starting with: Here is a list of quotes from 
[31/05/11 12:44:23:023 CDT] DEBUG codetemplates.CodeTemplate: Parsing template starting with: 
	"<@quote@>"
	 - <@author@>

[31/05/11 12:44:24:024 CDT] DEBUG codetemplates.CodeTemplate: Parsing template starting with: <@@quotes@@><@quote@>: <@autho
[31/05/11 12:44:24:024 CDT] DEBUG codetemplates.CodeTemplate: Parsing template starting with: <@quote@>: <@author@>

[31/05/11 12:44:24:024 CDT] DEBUG codetemplates.CodeTemplate: Parsing template starting with: Here is a list of quotes from 
[31/05/11 12:44:24:024 CDT] DEBUG codetemplates.CodeTemplate: Parsing template starting with: 
	"<@quote@>"
	 - <@author@>

[31/05/11 12:44:24:024 CDT] DEBUG codetemplates.CodeTemplate: Parsing template starting with: <@@quotes@@><@quote@>: <@autho
[31/05/11 12:44:24:024 CDT] DEBUG codetemplates.CodeTemplate: Parsing template starting with: <@quote@>: <@author@>

